Arguments: 
  /Users/elliottgreaves/.nvm/versions/node/v10.16.0/bin/node /usr/local/Cellar/yarn/1.17.3/libexec/bin/yarn.js

PATH: 
  /Users/elliottgreaves/.nvm/versions/node/v10.16.0/bin:/usr/local/bin:/usr/bin:/bin:/usr/sbin:/sbin:/usr/local/go/bin:/usr/local/share/dotnet:/opt/X11/bin:/Library/Frameworks/Mono.framework/Versions/Current/Commands:/Users/elliottgreaves/.nvm/versions/node/v10.16.0/bin:/Users/elliottgreaves/Development/Go/bin:/Users/elliottgreaves/Development/Go/bin

Yarn version: 
  1.17.3

Node version: 
  10.16.0

Platform: 
  darwin x64

Trace: 
  Error: ENOENT: no such file or directory, stat '/Users/elliottgreaves/Development/react-router-hooks/packages/example/node_modules/use-react-router-dom'

npm manifest: 
  {
    "name": "react-router-hooks",
    "version": "1.0.0",
    "main": "index.js",
    "repository": "https://github.com/greaveselliott/react-router-hooks.git",
    "author": "Elliott Greaves <greaveselliott@me.com>",
    "license": "MIT",
    "workspaces": [
      "./packages/*"
    ],
    "private": true
  }

yarn manifest: 
  No manifest

Lockfile: 
  No lockfile
